<?xml version="1.0" encoding="UTF-8"?>
<!-- Generated by org.testng.reporters.JUnitReportReporter -->
<testsuite hostname="DESKTOP-19RQ3NQ" failures="0" tests="1" name="com.E2logy.gfhotel.dailylogs.testscript.Dailylogs" time="10.022" errors="0" timestamp="2024-05-09T19:50:19 IST" skipped="0">
  <testcase classname="com.E2logy.gfhotel.dailylogs.testscript.Dailylogs" name="verifyVT004" time="10.022"/>
</testsuite> <!-- com.E2logy.gfhotel.dailylogs.testscript.Dailylogs -->
