<?xml version="1.0" encoding="UTF-8"?>
<!-- Generated by org.testng.reporters.JUnitReportReporter -->
<testsuite hostname="DESKTOP-RISHI" failures="0" tests="1" name="com.E2logy.gfhotel.base.TestCase" time="1.366" errors="0" timestamp="2024-04-25T11:59:32 IST" skipped="0">
  <testcase classname="com.E2logy.gfhotel.base.TestCase" name="test1" time="1.366"/>
</testsuite> <!-- com.E2logy.gfhotel.base.TestCase -->
